<?xml version="1.0" encoding="UTF-8" ?>
<testsuite tests="49" failures="0" name="bp.BloodPressureTest" time="0.105" errors="0" skipped="0">
  <properties>
    <property name="java.runtime.name" value="OpenJDK Runtime Environment"/>
    <property name="java.vm.version" value="19+36-2238"/>
    <property name="sun.boot.library.path" value="C:\Program Files\jdk-19\bin"/>
    <property name="maven.multiModuleProjectDirectory" value="C:\Users\Ed\CA2\bp-backend"/>
    <property name="java.vm.vendor" value="Oracle Corporation"/>
    <property name="java.vendor.url" value="https://java.oracle.com/"/>
    <property name="guice.disable.misplaced.annotation.check" value="true"/>
    <property name="path.separator" value=";"/>
    <property name="java.vm.name" value="OpenJDK 64-Bit Server VM"/>
    <property name="sun.os.patch.level" value=""/>
    <property name="user.script" value=""/>
    <property name="user.country" value="IE"/>
    <property name="sun.java.launcher" value="SUN_STANDARD"/>
    <property name="java.vm.specification.name" value="Java Virtual Machine Specification"/>
    <property name="user.dir" value="C:\Users\Ed\CA2\bp-backend"/>
    <property name="java.vm.compressedOopsMode" value="Zero based"/>
    <property name="java.runtime.version" value="19+36-2238"/>
    <property name="os.arch" value="amd64"/>
    <property name="java.io.tmpdir" value="C:\Users\Ed\AppData\Local\Temp\"/>
    <property name="line.separator" value="
"/>
    <property name="java.vm.specification.vendor" value="Oracle Corporation"/>
    <property name="user.variant" value=""/>
    <property name="stderr.encoding" value="cp850"/>
    <property name="os.name" value="Windows 11"/>
    <property name="classworlds.conf" value="C:\Program Files\apache-maven-3.8.6\bin\m2.conf"/>
    <property name="sun.jnu.encoding" value="Cp1252"/>
    <property name="stdout.encoding" value="cp850"/>
    <property name="java.library.path" value="C:\Program Files\jdk-19\bin;C:\WINDOWS\Sun\Java\bin;C:\WINDOWS\system32;C:\WINDOWS;C:\Windows\System32;C:\Windows;C:\Windows\System32\wbem;C:\Windows\System32\WindowsPowerShell\v1.0\;C:\Windows\System32\OpenSSH\;C:\Program Files\Amazon\AWSCLIV2\;C:\Program Files (x86)\GnuPG\bin;C:\Program Files\Go\bin;C:\Program Files\PuTTY\;C:\Program Files\nodejs\;C:\Program Files\Azure Data Studio\bin;C:\Program Files\GitHub CLI\;C:\Program Files\Amazon\SessionManagerPlugin\bin\;C:\Program Files\Docker\Docker\resources\bin;C:\Program Files (x86)\Bitvise SSH Client;C:\Program Files\Git\cmd;C:\Users\Ed\AppData\Local\Programs\Python\Python37\Scripts;C:\Users\Ed\AppData\Local\Programs\Python\Python37;C:\Users\Ed\AppData\Local\Microsoft\WindowsApps;C:\Users\Ed\AppData\Local\GitHubDesktop\bin;C:\Users\Ed\AppData\Local\Programs\Microsoft VS Code\bin;C:\Users\Ed\go\bin;C:\Gradle\bin;C:\Program Files\apache-maven-3.8.6\bin;C:\Program Files (x86)\Nmap;C:\Users\Ed\Downloads\chromedriver_win32;C:\Users\Ed\AppData\Roaming\npm;C:\Program Files\Azure Data Studio\bin;C:\Program Files\jdk-19\bin;C:\Users\Ed\AppData\Local\gitkraken\bin;."/>
    <property name="maven.conf" value="C:\Program Files\apache-maven-3.8.6/conf"/>
    <property name="jdk.debug" value="release"/>
    <property name="java.class.version" value="63.0"/>
    <property name="java.specification.name" value="Java Platform API Specification"/>
    <property name="sun.management.compiler" value="HotSpot 64-Bit Tiered Compilers"/>
    <property name="os.version" value="10.0"/>
    <property name="library.jansi.path" value="C:\Program Files\apache-maven-3.8.6\lib\jansi-native"/>
    <property name="user.home" value="C:\Users\Ed"/>
    <property name="user.timezone" value="Europe/Dublin"/>
    <property name="file.encoding" value="UTF-8"/>
    <property name="java.specification.version" value="19"/>
    <property name="user.name" value="Ed"/>
    <property name="java.class.path" value="C:\Program Files\apache-maven-3.8.6\boot\plexus-classworlds-2.6.0.jar"/>
    <property name="java.vm.specification.version" value="19"/>
    <property name="sun.arch.data.model" value="64"/>
    <property name="sun.java.command" value="org.codehaus.plexus.classworlds.launcher.Launcher install"/>
    <property name="java.home" value="C:\Program Files\jdk-19"/>
    <property name="user.language" value="en"/>
    <property name="java.specification.vendor" value="Oracle Corporation"/>
    <property name="java.vm.info" value="mixed mode, sharing"/>
    <property name="java.version" value="19"/>
    <property name="native.encoding" value="Cp1252"/>
    <property name="java.vendor" value="Oracle Corporation"/>
    <property name="maven.home" value="C:\Program Files\apache-maven-3.8.6"/>
    <property name="file.separator" value="\"/>
    <property name="java.version.date" value="2022-09-20"/>
    <property name="java.vendor.url.bug" value="https://bugreport.java.com/bugreport/"/>
    <property name="sun.io.unicode.encoding" value="UnicodeLittle"/>
    <property name="sun.cpu.endian" value="little"/>
    <property name="sun.cpu.isalist" value="amd64"/>
  </properties>
  <testcase classname="bp.BloodPressureTest" name="testSetSystolic_systolicTooLow_returnsInvalidValue[0]" time="0.049"/>
  <testcase classname="bp.BloodPressureTest" name="testSetDiastolic_diastolicTooHigh_returnsInvalidValue[0]" time="0"/>
  <testcase classname="bp.BloodPressureTest" name="testSetDiastolic_diastolicTooLow_returnsInvalidValue[0]" time="0.001"/>
  <testcase classname="bp.BloodPressureTest" name="testSetDiastolic_diastolicValid_setsValue[0]" time="0.001"/>
  <testcase classname="bp.BloodPressureTest" name="testSetSystolic_systolicValid_setsValue[0]" time="0.001"/>
  <testcase classname="bp.BloodPressureTest" name="testSetSystolic_systolicTooHigh_returnsInvalidValue[0]" time="0.001"/>
  <testcase classname="bp.BloodPressureTest" name="testSetBPCategory[0]" time="0.001"/>
  <testcase classname="bp.BloodPressureTest" name="testSetSystolic_systolicTooLow_returnsInvalidValue[1]" time="0.001"/>
  <testcase classname="bp.BloodPressureTest" name="testSetDiastolic_diastolicTooHigh_returnsInvalidValue[1]" time="0"/>
  <testcase classname="bp.BloodPressureTest" name="testSetDiastolic_diastolicTooLow_returnsInvalidValue[1]" time="0"/>
  <testcase classname="bp.BloodPressureTest" name="testSetDiastolic_diastolicValid_setsValue[1]" time="0.001"/>
  <testcase classname="bp.BloodPressureTest" name="testSetSystolic_systolicValid_setsValue[1]" time="0.001"/>
  <testcase classname="bp.BloodPressureTest" name="testSetSystolic_systolicTooHigh_returnsInvalidValue[1]" time="0"/>
  <testcase classname="bp.BloodPressureTest" name="testSetBPCategory[1]" time="0.001"/>
  <testcase classname="bp.BloodPressureTest" name="testSetSystolic_systolicTooLow_returnsInvalidValue[2]" time="0.032"/>
  <testcase classname="bp.BloodPressureTest" name="testSetDiastolic_diastolicTooHigh_returnsInvalidValue[2]" time="0.001"/>
  <testcase classname="bp.BloodPressureTest" name="testSetDiastolic_diastolicTooLow_returnsInvalidValue[2]" time="0"/>
  <testcase classname="bp.BloodPressureTest" name="testSetDiastolic_diastolicValid_setsValue[2]" time="0"/>
  <testcase classname="bp.BloodPressureTest" name="testSetSystolic_systolicValid_setsValue[2]" time="0"/>
  <testcase classname="bp.BloodPressureTest" name="testSetSystolic_systolicTooHigh_returnsInvalidValue[2]" time="0"/>
  <testcase classname="bp.BloodPressureTest" name="testSetBPCategory[2]" time="0.001"/>
  <testcase classname="bp.BloodPressureTest" name="testSetSystolic_systolicTooLow_returnsInvalidValue[3]" time="0"/>
  <testcase classname="bp.BloodPressureTest" name="testSetDiastolic_diastolicTooHigh_returnsInvalidValue[3]" time="0"/>
  <testcase classname="bp.BloodPressureTest" name="testSetDiastolic_diastolicTooLow_returnsInvalidValue[3]" time="0"/>
  <testcase classname="bp.BloodPressureTest" name="testSetDiastolic_diastolicValid_setsValue[3]" time="0"/>
  <testcase classname="bp.BloodPressureTest" name="testSetSystolic_systolicValid_setsValue[3]" time="0.001"/>
  <testcase classname="bp.BloodPressureTest" name="testSetSystolic_systolicTooHigh_returnsInvalidValue[3]" time="0.001"/>
  <testcase classname="bp.BloodPressureTest" name="testSetBPCategory[3]" time="0"/>
  <testcase classname="bp.BloodPressureTest" name="testSetSystolic_systolicTooLow_returnsInvalidValue[4]" time="0.001"/>
  <testcase classname="bp.BloodPressureTest" name="testSetDiastolic_diastolicTooHigh_returnsInvalidValue[4]" time="0"/>
  <testcase classname="bp.BloodPressureTest" name="testSetDiastolic_diastolicTooLow_returnsInvalidValue[4]" time="0.001"/>
  <testcase classname="bp.BloodPressureTest" name="testSetDiastolic_diastolicValid_setsValue[4]" time="0.001"/>
  <testcase classname="bp.BloodPressureTest" name="testSetSystolic_systolicValid_setsValue[4]" time="0.001"/>
  <testcase classname="bp.BloodPressureTest" name="testSetSystolic_systolicTooHigh_returnsInvalidValue[4]" time="0.001"/>
  <testcase classname="bp.BloodPressureTest" name="testSetBPCategory[4]" time="0"/>
  <testcase classname="bp.BloodPressureTest" name="testSetSystolic_systolicTooLow_returnsInvalidValue[5]" time="0"/>
  <testcase classname="bp.BloodPressureTest" name="testSetDiastolic_diastolicTooHigh_returnsInvalidValue[5]" time="0.001"/>
  <testcase classname="bp.BloodPressureTest" name="testSetDiastolic_diastolicTooLow_returnsInvalidValue[5]" time="0.001"/>
  <testcase classname="bp.BloodPressureTest" name="testSetDiastolic_diastolicValid_setsValue[5]" time="0.001"/>
  <testcase classname="bp.BloodPressureTest" name="testSetSystolic_systolicValid_setsValue[5]" time="0"/>
  <testcase classname="bp.BloodPressureTest" name="testSetSystolic_systolicTooHigh_returnsInvalidValue[5]" time="0.001"/>
  <testcase classname="bp.BloodPressureTest" name="testSetBPCategory[5]" time="0"/>
  <testcase classname="bp.BloodPressureTest" name="testSetSystolic_systolicTooLow_returnsInvalidValue[6]" time="0"/>
  <testcase classname="bp.BloodPressureTest" name="testSetDiastolic_diastolicTooHigh_returnsInvalidValue[6]" time="0.001"/>
  <testcase classname="bp.BloodPressureTest" name="testSetDiastolic_diastolicTooLow_returnsInvalidValue[6]" time="0"/>
  <testcase classname="bp.BloodPressureTest" name="testSetDiastolic_diastolicValid_setsValue[6]" time="0.001"/>
  <testcase classname="bp.BloodPressureTest" name="testSetSystolic_systolicValid_setsValue[6]" time="0"/>
  <testcase classname="bp.BloodPressureTest" name="testSetSystolic_systolicTooHigh_returnsInvalidValue[6]" time="0"/>
  <testcase classname="bp.BloodPressureTest" name="testSetBPCategory[6]" time="0"/>
</testsuite>